<?xml version="1.0" encoding="UTF-8" ?>
<testsuite tests="12" failures="12" name="WebDriverWeightCountInputHeightTest" time="0" errors="0" skipped="0">
  <properties>
    <property name="idea.version" value="2021.3.2"/>
    <property name="java.runtime.name" value="Java(TM) SE Runtime Environment"/>
    <property name="sun.boot.library.path" value="C:\Programs\Java\jdk1.8.0_321\jre\bin"/>
    <property name="java.vm.version" value="25.321-b07"/>
    <property name="java.vm.vendor" value="Oracle Corporation"/>
    <property name="maven.multiModuleProjectDirectory" value="D:\src\test-wd"/>
    <property name="java.vendor.url" value="http://java.oracle.com/"/>
    <property name="path.separator" value=";"/>
    <property name="guice.disable.misplaced.annotation.check" value="true"/>
    <property name="java.vm.name" value="Java HotSpot(TM) 64-Bit Server VM"/>
    <property name="file.encoding.pkg" value="sun.io"/>
    <property name="user.script" value=""/>
    <property name="user.country" value="RU"/>
    <property name="sun.java.launcher" value="SUN_STANDARD"/>
    <property name="sun.os.patch.level" value=""/>
    <property name="java.vm.specification.name" value="Java Virtual Machine Specification"/>
    <property name="user.dir" value="D:\src\test-wd"/>
    <property name="java.runtime.version" value="1.8.0_321-b07"/>
    <property name="java.awt.graphicsenv" value="sun.awt.Win32GraphicsEnvironment"/>
    <property name="java.endorsed.dirs" value="C:\Programs\Java\jdk1.8.0_321\jre\lib\endorsed"/>
    <property name="os.arch" value="amd64"/>
    <property name="java.io.tmpdir" value="C:\Users\Natalia\AppData\Local\Temp\"/>
    <property name="line.separator" value="
"/>
    <property name="java.vm.specification.vendor" value="Oracle Corporation"/>
    <property name="user.variant" value=""/>
    <property name="os.name" value="Windows 10"/>
    <property name="maven.ext.class.path" value="C:\Programs\JetBrains\IntelliJ IDEA Community Edition 2021.3.2\plugins\maven\lib\maven-event-listener.jar"/>
    <property name="classworlds.conf" value="C:\Programs\JetBrains\IntelliJ IDEA Community Edition 2021.3.2\plugins\maven\lib\maven3\bin\m2.conf"/>
    <property name="sun.jnu.encoding" value="Cp1251"/>
    <property name="java.library.path" value="C:\Programs\Java\jdk1.8.0_321\bin;C:\Windows\Sun\Java\bin;C:\Windows\system32;C:\Windows;C:\Program Files\Common Files\Oracle\Java\javapath;C:\Programs\Java\jdk1.8.0_321\bin;C:\Windows\system32;C:\Windows;C:\Windows\System32\Wbem;C:\Windows\System32\WindowsPowerShell\v1.0\;C:\Windows\System32\OpenSSH\;C:\Programs\Git\cmd;c:\Programs\apache-maven-3.6.1\\bin;C:\Programs\WebDrivers;C:\Users\Natalia\AppData\Local\Microsoft\WindowsApps;;C:\Programs\JetBrains\IntelliJ IDEA Community Edition 2021.3.2\bin;;."/>
    <property name="maven.conf" value="C:\Programs\JetBrains\IntelliJ IDEA Community Edition 2021.3.2\plugins\maven\lib\maven3/conf"/>
    <property name="java.specification.name" value="Java Platform API Specification"/>
    <property name="java.class.version" value="52.0"/>
    <property name="sun.management.compiler" value="HotSpot 64-Bit Tiered Compilers"/>
    <property name="os.version" value="10.0"/>
    <property name="user.home" value="C:\Users\Natalia"/>
    <property name="user.timezone" value="Europe/Moscow"/>
    <property name="java.awt.printerjob" value="sun.awt.windows.WPrinterJob"/>
    <property name="java.specification.version" value="1.8"/>
    <property name="file.encoding" value="UTF-8"/>
    <property name="user.name" value="Natalia"/>
    <property name="java.class.path" value="C:\Programs\JetBrains\IntelliJ IDEA Community Edition 2021.3.2\plugins\maven\lib\maven3\boot\plexus-classworlds-2.6.0.jar;C:\Programs\JetBrains\IntelliJ IDEA Community Edition 2021.3.2\plugins\maven\lib\maven3\boot\plexus-classworlds.license;C:\Programs\JetBrains\IntelliJ IDEA Community Edition 2021.3.2\lib\idea_rt.jar"/>
    <property name="java.vm.specification.version" value="1.8"/>
    <property name="sun.arch.data.model" value="64"/>
    <property name="java.home" value="C:\Programs\Java\jdk1.8.0_321\jre"/>
    <property name="sun.java.command" value="org.codehaus.classworlds.Launcher -Didea.version=2021.3.2 test"/>
    <property name="java.specification.vendor" value="Oracle Corporation"/>
    <property name="user.language" value="ru"/>
    <property name="awt.toolkit" value="sun.awt.windows.WToolkit"/>
    <property name="java.vm.info" value="mixed mode"/>
    <property name="java.version" value="1.8.0_321"/>
    <property name="java.ext.dirs" value="C:\Programs\Java\jdk1.8.0_321\jre\lib\ext;C:\Windows\Sun\Java\lib\ext"/>
    <property name="sun.boot.class.path" value="C:\Programs\Java\jdk1.8.0_321\jre\lib\resources.jar;C:\Programs\Java\jdk1.8.0_321\jre\lib\rt.jar;C:\Programs\Java\jdk1.8.0_321\jre\lib\sunrsasign.jar;C:\Programs\Java\jdk1.8.0_321\jre\lib\jsse.jar;C:\Programs\Java\jdk1.8.0_321\jre\lib\jce.jar;C:\Programs\Java\jdk1.8.0_321\jre\lib\charsets.jar;C:\Programs\Java\jdk1.8.0_321\jre\lib\jfr.jar;C:\Programs\Java\jdk1.8.0_321\jre\classes"/>
    <property name="java.vendor" value="Oracle Corporation"/>
    <property name="maven.home" value="C:\Programs\JetBrains\IntelliJ IDEA Community Edition 2021.3.2\plugins\maven\lib\maven3"/>
    <property name="file.separator" value="\"/>
    <property name="java.vendor.url.bug" value="http://bugreport.sun.com/bugreport/"/>
    <property name="sun.cpu.endian" value="little"/>
    <property name="sun.io.unicode.encoding" value="UnicodeLittle"/>
    <property name="sun.desktop" value="windows"/>
    <property name="sun.cpu.isalist" value="amd64"/>
  </properties>
  <testcase classname="WebDriverWeightCountInputHeightTest" name="WebDriverWeightCountInputHeightTest.testInputHeightWithCharacterInHighRegister" time="0">
    <failure type="java.lang.NullPointerException">java.lang.NullPointerException
	at WebDriverWeightCountInputHeightTest.testInputHeightWithCharacterInHighRegister(WebDriverWeightCountInputHeightTest.java:63)
</failure>
  </testcase>
  <testcase classname="WebDriverWeightCountInputHeightTest" name="WebDriverWeightCountInputHeightTest.testInputHeightWithCharacterInLowRegister" time="0">
    <failure type="java.lang.NullPointerException">java.lang.NullPointerException
	at WebDriverWeightCountInputHeightTest.testInputHeightWithCharacterInLowRegister(WebDriverWeightCountInputHeightTest.java:68)
</failure>
  </testcase>
  <testcase classname="WebDriverWeightCountInputHeightTest" name="WebDriverWeightCountInputHeightTest.testInputHeightWithValue150" time="0">
    <failure type="java.lang.NullPointerException">java.lang.NullPointerException
	at WebDriverWeightCountInputHeightTest.testInputHeightWithValue150(WebDriverWeightCountInputHeightTest.java:33)
</failure>
  </testcase>
  <testcase classname="WebDriverWeightCountInputHeightTest" name="WebDriverWeightCountInputHeightTest.testInputHeightWithValue49" time="0">
    <failure type="java.lang.NullPointerException">java.lang.NullPointerException
	at WebDriverWeightCountInputHeightTest.testInputHeightWithValue49(WebDriverWeightCountInputHeightTest.java:38)
</failure>
  </testcase>
  <testcase classname="WebDriverWeightCountInputHeightTest" name="WebDriverWeightCountInputHeightTest.testInputHeightWithValue301" time="0">
    <failure type="java.lang.NullPointerException">java.lang.NullPointerException
	at WebDriverWeightCountInputHeightTest.testInputHeightWithValue301(WebDriverWeightCountInputHeightTest.java:43)
</failure>
  </testcase>
  <testcase classname="WebDriverWeightCountInputHeightTest" name="WebDriverWeightCountInputHeightTest.testInputHeightWithValue50" time="0">
    <failure type="java.lang.NullPointerException">java.lang.NullPointerException
	at WebDriverWeightCountInputHeightTest.testInputHeightWithValue50(WebDriverWeightCountInputHeightTest.java:23)
</failure>
  </testcase>
  <testcase classname="WebDriverWeightCountInputHeightTest" name="WebDriverWeightCountInputHeightTest.testInputHeightWithString" time="0">
    <failure type="java.lang.NullPointerException">java.lang.NullPointerException
	at WebDriverWeightCountInputHeightTest.testInputHeightWithString(WebDriverWeightCountInputHeightTest.java:78)
</failure>
  </testcase>
  <testcase classname="WebDriverWeightCountInputHeightTest" name="WebDriverWeightCountInputHeightTest.testInputHeightWithSymbol" time="0">
    <failure type="java.lang.NullPointerException">java.lang.NullPointerException
	at WebDriverWeightCountInputHeightTest.testInputHeightWithSymbol(WebDriverWeightCountInputHeightTest.java:73)
</failure>
  </testcase>
  <testcase classname="WebDriverWeightCountInputHeightTest" name="WebDriverWeightCountInputHeightTest.testInputHeightWithValueMinus10" time="0">
    <failure type="java.lang.NullPointerException">java.lang.NullPointerException
	at WebDriverWeightCountInputHeightTest.testInputHeightWithValueMinus10(WebDriverWeightCountInputHeightTest.java:53)
</failure>
  </testcase>
  <testcase classname="WebDriverWeightCountInputHeightTest" name="WebDriverWeightCountInputHeightTest.testInputHeightWithValue300" time="0">
    <failure type="java.lang.NullPointerException">java.lang.NullPointerException
	at WebDriverWeightCountInputHeightTest.testInputHeightWithValue300(WebDriverWeightCountInputHeightTest.java:28)
</failure>
  </testcase>
  <testcase classname="WebDriverWeightCountInputHeightTest" name="WebDriverWeightCountInputHeightTest.testInputHeightWithValue1000000" time="0">
    <failure type="java.lang.NullPointerException">java.lang.NullPointerException
	at WebDriverWeightCountInputHeightTest.testInputHeightWithValue1000000(WebDriverWeightCountInputHeightTest.java:58)
</failure>
  </testcase>
  <testcase classname="WebDriverWeightCountInputHeightTest" name="WebDriverWeightCountInputHeightTest.testInputHeightWithValue0" time="0">
    <failure type="java.lang.NullPointerException">java.lang.NullPointerException
	at WebDriverWeightCountInputHeightTest.testInputHeightWithValue0(WebDriverWeightCountInputHeightTest.java:48)
</failure>
  </testcase>
</testsuite>